0 info it worked if it ends with ok
1 verbose cli [ '/usr/bin/node', '/usr/bin/npm', 'install', 'nvm', '-g' ]
2 info using npm@3.5.2
3 info using node@v8.10.0
4 silly loadCurrentTree Starting
5 silly install loadCurrentTree
6 silly install readGlobalPackageData
7 silly fetchPackageMetaData nvm
8 silly fetchNamedPackageData nvm
9 silly mapToRegistry name nvm
10 silly mapToRegistry using default registry
11 silly mapToRegistry registry https://registry.npmjs.org/
12 silly mapToRegistry uri https://registry.npmjs.org/nvm
13 verbose request uri https://registry.npmjs.org/nvm
14 verbose request no auth needed
15 info attempt registry request try #1 at 5:38:17 PM
16 verbose request id 0928f6f9efee9f7f
17 verbose etag W/"f81ca8730ffe6c051b1af86fb001d497"
18 verbose lastModified Fri, 03 Aug 2018 00:40:39 GMT
19 http request GET https://registry.npmjs.org/nvm
20 http 304 https://registry.npmjs.org/nvm
21 verbose headers { date: 'Wed, 08 May 2019 01:38:16 GMT',
21 verbose headers   connection: 'keep-alive',
21 verbose headers   'set-cookie':
21 verbose headers    [ '__cfduid=d3fdc69cc8a7f233b92c70c72ec1bbf9d1557279496; expires=Thu, 07-May-20 01:38:16 GMT; path=/; domain=.registry.npmjs.org; HttpOnly' ],
21 verbose headers   'cf-cache-status': 'HIT',
21 verbose headers   'cache-control': 'max-age=300',
21 verbose headers   'cf-ray': '4d37b6956ac7d0ec-SJC',
21 verbose headers   etag: '"f81ca8730ffe6c051b1af86fb001d497"',
21 verbose headers   'expect-ct': 'max-age=604800, report-uri="https://report-uri.cloudflare.com/cdn-cgi/beacon/expect-ct"',
21 verbose headers   'last-modified': 'Fri, 03 Aug 2018 00:40:39 GMT',
21 verbose headers   vary: 'accept-encoding, accept',
21 verbose headers   server: 'cloudflare' }
22 silly get cb [ 304,
22 silly get   { date: 'Wed, 08 May 2019 01:38:16 GMT',
22 silly get     connection: 'keep-alive',
22 silly get     'set-cookie':
22 silly get      [ '__cfduid=d3fdc69cc8a7f233b92c70c72ec1bbf9d1557279496; expires=Thu, 07-May-20 01:38:16 GMT; path=/; domain=.registry.npmjs.org; HttpOnly' ],
22 silly get     'cf-cache-status': 'HIT',
22 silly get     'cache-control': 'max-age=300',
22 silly get     'cf-ray': '4d37b6956ac7d0ec-SJC',
22 silly get     etag: '"f81ca8730ffe6c051b1af86fb001d497"',
22 silly get     'expect-ct': 'max-age=604800, report-uri="https://report-uri.cloudflare.com/cdn-cgi/beacon/expect-ct"',
22 silly get     'last-modified': 'Fri, 03 Aug 2018 00:40:39 GMT',
22 silly get     vary: 'accept-encoding, accept',
22 silly get     server: 'cloudflare' } ]
23 verbose etag https://registry.npmjs.org/nvm from cache
24 verbose get saving nvm to /home/doughertyg3/.npm/registry.npmjs.org/nvm/.cache.json
25 silly install normalizeTree
26 silly loadCurrentTree Finishing
27 silly loadIdealTree Starting
28 silly install loadIdealTree
29 silly cloneCurrentTree Starting
30 silly install cloneCurrentTreeToIdealTree
31 silly cloneCurrentTree Finishing
32 silly loadShrinkwrap Starting
33 silly install loadShrinkwrap
34 silly loadShrinkwrap Finishing
35 silly loadAllDepsIntoIdealTree Starting
36 silly install loadAllDepsIntoIdealTree
37 silly resolveWithNewModule nvm@0.0.4 checking installable status
38 silly cache add args [ 'nvm', null ]
39 verbose cache add spec nvm
40 silly cache add parsed spec Result {
40 silly cache add   raw: 'nvm',
40 silly cache add   scope: null,
40 silly cache add   name: 'nvm',
40 silly cache add   rawSpec: '',
40 silly cache add   spec: 'latest',
40 silly cache add   type: 'tag' }
41 silly addNamed nvm@latest
42 verbose addNamed "latest" is being treated as a dist-tag for nvm
43 info addNameTag [ 'nvm', 'latest' ]
44 silly mapToRegistry name nvm
45 silly mapToRegistry using default registry
46 silly mapToRegistry registry https://registry.npmjs.org/
47 silly mapToRegistry uri https://registry.npmjs.org/nvm
48 verbose addNameTag registry:https://registry.npmjs.org/nvm not in flight; fetching
49 verbose get https://registry.npmjs.org/nvm not expired, no request
50 silly addNameTag next cb for nvm with tag latest
51 silly addNamed nvm@0.0.4
52 verbose addNamed "0.0.4" is a plain semver version for nvm
53 warn deprecated nvm@0.0.4: This is NOT the correct nvm. Visit http://nvm.sh and use the curl command to install it.
54 silly cache afterAdd nvm@0.0.4
55 verbose afterAdd /home/doughertyg3/.npm/nvm/0.0.4/package/package.json not in flight; writing
56 verbose afterAdd /home/doughertyg3/.npm/nvm/0.0.4/package/package.json written
57 silly loadAllDepsIntoIdealTree Finishing
58 silly idealTree:prePrune lib
58 silly idealTree:prePrune └── nvm@0.0.4
59 silly loadIdealTree Finishing
60 silly currentTree lib
61 silly idealTree lib
61 silly idealTree └── nvm@0.0.4
62 silly generateActionsToTake Starting
63 silly install generateActionsToTake
64 warn checkPermissions Missing write access to /usr/local/lib
65 silly rollbackFailedOptional Starting
66 silly rollbackFailedOptional Finishing
67 silly runTopLevelLifecycles Starting
68 silly runTopLevelLifecycles Finishing
69 silly install printInstalled
70 verbose stack Error: EACCES: permission denied, access '/usr/local/lib'
71 verbose cwd /mnt/c/Users/dough/Documents/hack_reactor/hrsf116-mini-apps-1/challenge_2
72 error Linux 4.4.0-17134-Microsoft
73 error argv "/usr/bin/node" "/usr/bin/npm" "install" "nvm" "-g"
74 error node v8.10.0
75 error npm  v3.5.2
76 error path /usr/local/lib
77 error code EACCES
78 error errno -13
79 error syscall access
80 error Error: EACCES: permission denied, access '/usr/local/lib'
80 error  { Error: EACCES: permission denied, access '/usr/local/lib'
80 error   errno: -13,
80 error   code: 'EACCES',
80 error   syscall: 'access',
80 error   path: '/usr/local/lib' }
81 error Please try running this command again as root/Administrator.
82 verbose exit [ -13, true ]
